AksharKPIT/build/outputs/logs/manifest-merger-debug-report.txt
-- Merging decision tree log ---
manifest
ADDED from src\main\AndroidManifest.xml:2:1-53:12
	xmlns:android
		ADDED from src\main\AndroidManifest.xml:2:11-69
	package
		ADDED from src\main\AndroidManifest.xml:3:5-34
		INJECTED from src\main\AndroidManifest.xml
		INJECTED from src\main\AndroidManifest.xml
	android:versionName
		ADDED from src\main\AndroidManifest.xml:5:5-30
	android:versionCode
		ADDED from src\main\AndroidManifest.xml:4:5-28
		INJECTED from src\main\AndroidManifest.xml
		INJECTED from src\main\AndroidManifest.xml
uses-permission#android.permission.WRITE_EXTERNAL_STORAGE
ADDED from src\main\AndroidManifest.xml:8:5-81
	android:name
		ADDED from src\main\AndroidManifest.xml:8:22-78
uses-sdk
ADDED from src\main\AndroidManifest.xml:10:5-12:41
	android:targetSdkVersion
		ADDED from src\main\AndroidManifest.xml:12:9-38
		INJECTED from src\main\AndroidManifest.xml
		INJECTED from src\main\AndroidManifest.xml
	android:minSdkVersion
		ADDED from src\main\AndroidManifest.xml:11:9-35
		INJECTED from src\main\AndroidManifest.xml
		INJECTED from src\main\AndroidManifest.xml
supports-screens
ADDED from src\main\AndroidManifest.xml:14:3-18:39
	android:largeScreens
		ADDED from src\main\AndroidManifest.xml:16:11-38
	android:anyDensity
		ADDED from src\main\AndroidManifest.xml:18:11-36
	android:normalScreens
		ADDED from src\main\AndroidManifest.xml:15:11-39
	android:xlargeScreens
		ADDED from src\main\AndroidManifest.xml:17:11-39
	android:smallScreens
		ADDED from src\main\AndroidManifest.xml:14:21-48
application
ADDED from src\main\AndroidManifest.xml:20:6-51:19
	android:label
		ADDED from src\main\AndroidManifest.xml:23:9-41
	android:allowBackup
		ADDED from src\main\AndroidManifest.xml:21:9-35
	android:icon
		ADDED from src\main\AndroidManifest.xml:22:9-45
	android:theme
		ADDED from src\main\AndroidManifest.xml:24:9-40
activity#com.example.aksharkpit.MainActivity
ADDED from src\main\AndroidManifest.xml:26:9-35:20
	android:label
		ADDED from src\main\AndroidManifest.xml:28:13-45
	android:name
		ADDED from src\main\AndroidManifest.xml:27:13-63
intent-filter#android.intent.action.MAIN+android.intent.category.LAUNCHER
ADDED from src\main\AndroidManifest.xml:29:13-33:29
action#android.intent.action.MAIN
ADDED from src\main\AndroidManifest.xml:30:17-69
	android:name
		ADDED from src\main\AndroidManifest.xml:30:25-66
category#android.intent.category.LAUNCHER
ADDED from src\main\AndroidManifest.xml:32:17-77
	android:name
		ADDED from src\main\AndroidManifest.xml:32:27-74
activity#com.example.aksharkpit.CanvasActivity
ADDED from src\main\AndroidManifest.xml:38:9-83
	android:name
		ADDED from src\main\AndroidManifest.xml:38:19-71
activity#com.example.aksharkpit.GestureBuilderActivity
ADDED from src\main\AndroidManifest.xml:41:9-91
	android:name
		ADDED from src\main\AndroidManifest.xml:41:19-79
activity#com.example.aksharkpit.CreateGestureActivity
ADDED from src\main\AndroidManifest.xml:44:9-90
	android:name
		ADDED from src\main\AndroidManifest.xml:44:19-78
activity#com.example.aksharkpit.TestGesture
ADDED from src\main\AndroidManifest.xml:47:9-80
	android:name
		ADDED from src\main\AndroidManifest.xml:47:19-68